<?xml version="1.0" encoding="UTF-8"?>
<testng-results skipped="0" failed="0" ignored="0" total="1" passed="1">
  <reporter-output>
  </reporter-output>
  <suite name="Cucumber Automation Test Suite" duration-ms="39011" started-at="2019-09-21T00:11:56 IST" finished-at="2019-09-21T00:12:35 IST">
    <groups>
    </groups>
    <test name="Naveen" duration-ms="39011" started-at="2019-09-21T00:11:56 IST" finished-at="2019-09-21T00:12:35 IST">
      <class name="com.sample.Scripts.Invoke">
        <test-method status="PASS" signature="invokeApp()[pri:0, instance:com.sample.Scripts.Invoke@52f759d7]" name="invokeApp" duration-ms="38977" started-at="2019-09-21T00:11:56 IST" finished-at="2019-09-21T00:12:35 IST">
          <reporter-output>
          </reporter-output>
        </test-method> <!-- invokeApp -->
      </class> <!-- com.sample.Scripts.Invoke -->
    </test> <!-- Naveen -->
  </suite> <!-- Cucumber Automation Test Suite -->
</testng-results>
